<?xml version="1.0" encoding="UTF-8"?>
<!-- Generated by org.testng.reporters.JUnitXMLReporter -->
<testsuite hostname="DESKTOP-5O550SC" ignored="0" name="Test" tests="3" failures="0" timestamp="17 Nov 2019 22:03:00 GMT" time="162.708" errors="0">
  <testcase name="Test1" time="31.289" classname="com.AutomationTalks.demoProject1.TestClass1"/>
  <testcase name="Test2" time="22.525" classname="com.AutomationTalks.demoProject1.TestClass1"/>
  <testcase name="Test3" time="20.181" classname="com.AutomationTalks.demoProject1.TestClass1"/>
</testsuite> <!-- Test -->
