<?xml version="1.0" encoding="UTF-8"?>
<testng-results skipped="0" failed="0" ignored="0" total="3" passed="3">
  <reporter-output>
  </reporter-output>
  <suite name="Suite" duration-ms="162708" started-at="2019-11-17T22:00:16Z" finished-at="2019-11-17T22:02:59Z">
    <groups>
    </groups>
    <test name="Test" duration-ms="162708" started-at="2019-11-17T22:00:16Z" finished-at="2019-11-17T22:02:59Z">
      <class name="com.AutomationTalks.demoProject1.TestClass1">
        <test-method status="PASS" signature="launchDriver()[pri:0, instance:com.AutomationTalks.demoProject1.TestClass1@9f70c54]" name="launchDriver" is-config="true" duration-ms="42097" started-at="2019-11-17T22:00:17Z" finished-at="2019-11-17T22:00:59Z">
          <reporter-output>
          </reporter-output>
        </test-method> <!-- launchDriver -->
        <test-method status="PASS" signature="Test1()[pri:0, instance:com.AutomationTalks.demoProject1.TestClass1@9f70c54]" name="Test1" duration-ms="31289" started-at="2019-11-17T22:00:59Z" finished-at="2019-11-17T22:01:30Z">
          <reporter-output>
          </reporter-output>
        </test-method> <!-- Test1 -->
        <test-method status="PASS" signature="quit()[pri:0, instance:com.AutomationTalks.demoProject1.TestClass1@9f70c54]" name="quit" is-config="true" duration-ms="6226" started-at="2019-11-17T22:01:30Z" finished-at="2019-11-17T22:01:36Z">
          <reporter-output>
          </reporter-output>
        </test-method> <!-- quit -->
        <test-method status="PASS" signature="launchDriver()[pri:0, instance:com.AutomationTalks.demoProject1.TestClass1@9f70c54]" name="launchDriver" is-config="true" duration-ms="14564" started-at="2019-11-17T22:01:36Z" finished-at="2019-11-17T22:01:51Z">
          <reporter-output>
          </reporter-output>
        </test-method> <!-- launchDriver -->
        <test-method status="PASS" signature="Test2()[pri:0, instance:com.AutomationTalks.demoProject1.TestClass1@9f70c54]" name="Test2" duration-ms="22525" started-at="2019-11-17T22:01:51Z" finished-at="2019-11-17T22:02:13Z">
          <reporter-output>
          </reporter-output>
        </test-method> <!-- Test2 -->
        <test-method status="PASS" signature="quit()[pri:0, instance:com.AutomationTalks.demoProject1.TestClass1@9f70c54]" name="quit" is-config="true" duration-ms="3983" started-at="2019-11-17T22:02:13Z" finished-at="2019-11-17T22:02:17Z">
          <reporter-output>
          </reporter-output>
        </test-method> <!-- quit -->
        <test-method status="PASS" signature="launchDriver()[pri:0, instance:com.AutomationTalks.demoProject1.TestClass1@9f70c54]" name="launchDriver" is-config="true" duration-ms="14164" started-at="2019-11-17T22:02:17Z" finished-at="2019-11-17T22:02:32Z">
          <reporter-output>
          </reporter-output>
        </test-method> <!-- launchDriver -->
        <test-method status="PASS" signature="Test3()[pri:0, instance:com.AutomationTalks.demoProject1.TestClass1@9f70c54]" name="Test3" duration-ms="20181" started-at="2019-11-17T22:02:32Z" finished-at="2019-11-17T22:02:52Z">
          <reporter-output>
          </reporter-output>
        </test-method> <!-- Test3 -->
        <test-method status="PASS" signature="quit()[pri:0, instance:com.AutomationTalks.demoProject1.TestClass1@9f70c54]" name="quit" is-config="true" duration-ms="7385" started-at="2019-11-17T22:02:52Z" finished-at="2019-11-17T22:02:59Z">
          <reporter-output>
          </reporter-output>
        </test-method> <!-- quit -->
      </class> <!-- com.AutomationTalks.demoProject1.TestClass1 -->
    </test> <!-- Test -->
  </suite> <!-- Suite -->
</testng-results>
